     _        _               _
    / \  ____| |_  ___ __  __(_) _____
   / _ \|  _ \ __|/ _ \  \/  | |/  __/
  / ___ \ | \/ |_/  __/ |\/| | |\___ \
 /_/   \_\|   \__\____|_|  |_|_|/___ /
 Apache ActiveMQ Artemis 2.15.0


2020-09-07 16:35:56,158 INFO  [org.apache.activemq.artemis.integration.bootstrap] AMQ101000: Starting ActiveMQ Artemis Server
2020-09-07 16:35:56,227 INFO  [org.apache.activemq.artemis.core.server] AMQ221000: live Message Broker is starting with configuration Broker Configuration (clustered=false,journalDirectory=data/journal,bindingsDirectory=data/bindings,largeMessagesDirectory=data/large-messages,pagingDirectory=data/paging)
2020-09-07 16:35:56,274 INFO  [org.apache.activemq.artemis.core.server] AMQ221013: Using NIO Journal
2020-09-07 16:35:56,359 INFO  [org.apache.activemq.artemis.core.server] AMQ221057: Global Max Size is being adjusted to 1/2 of the JVM max size (-Xmx). being defined as 477,364,224
2020-09-07 16:35:56,406 INFO  [org.apache.activemq.artemis.core.server] AMQ221043: Protocol module found: [artemis-server]. Adding protocol support for: CORE
2020-09-07 16:35:56,406 INFO  [org.apache.activemq.artemis.core.server] AMQ221043: Protocol module found: [artemis-amqp-protocol]. Adding protocol support for: AMQP
2020-09-07 16:35:56,406 INFO  [org.apache.activemq.artemis.core.server] AMQ221043: Protocol module found: [artemis-hornetq-protocol]. Adding protocol support for: HORNETQ
2020-09-07 16:35:56,412 INFO  [org.apache.activemq.artemis.core.server] AMQ221043: Protocol module found: [artemis-mqtt-protocol]. Adding protocol support for: MQTT
2020-09-07 16:35:56,412 INFO  [org.apache.activemq.artemis.core.server] AMQ221043: Protocol module found: [artemis-openwire-protocol]. Adding protocol support for: OPENWIRE
2020-09-07 16:35:56,412 INFO  [org.apache.activemq.artemis.core.server] AMQ221043: Protocol module found: [artemis-stomp-protocol]. Adding protocol support for: STOMP
2020-09-07 16:35:56,490 INFO  [org.apache.activemq.artemis.core.server] AMQ221034: Waiting indefinitely to obtain live lock
2020-09-07 16:35:56,490 INFO  [org.apache.activemq.artemis.core.server] AMQ221035: Live Server Obtained live lock
2020-09-07 16:35:57,040 INFO  [org.apache.activemq.artemis.core.server] AMQ221080: Deploying address DLQ supporting [ANYCAST]
2020-09-07 16:35:57,040 INFO  [org.apache.activemq.artemis.core.server] AMQ221003: Deploying ANYCAST queue DLQ on address DLQ
2020-09-07 16:35:57,056 INFO  [org.apache.activemq.artemis.core.server] AMQ221080: Deploying address ExpiryQueue supporting [ANYCAST]
2020-09-07 16:35:57,056 INFO  [org.apache.activemq.artemis.core.server] AMQ221003: Deploying ANYCAST queue ExpiryQueue on address ExpiryQueue
2020-09-07 16:35:57,624 INFO  [org.apache.activemq.artemis.core.server] AMQ221020: Started NIO Acceptor at 0.0.0.0:61616 for protocols [CORE,MQTT,AMQP,STOMP,HORNETQ,OPENWIRE]
2020-09-07 16:35:57,646 INFO  [org.apache.activemq.artemis.core.server] AMQ221020: Started NIO Acceptor at 0.0.0.0:5445 for protocols [HORNETQ,STOMP]
2020-09-07 16:35:57,646 INFO  [org.apache.activemq.artemis.core.server] AMQ221020: Started NIO Acceptor at 0.0.0.0:5672 for protocols [AMQP]
2020-09-07 16:35:57,662 INFO  [org.apache.activemq.artemis.core.server] AMQ221020: Started NIO Acceptor at 0.0.0.0:1883 for protocols [MQTT]
2020-09-07 16:35:57,677 INFO  [org.apache.activemq.artemis.core.server] AMQ221020: Started NIO Acceptor at 0.0.0.0:61613 for protocols [STOMP]
2020-09-07 16:35:57,677 INFO  [org.apache.activemq.artemis.core.server] AMQ221007: Server is now live
2020-09-07 16:35:57,677 INFO  [org.apache.activemq.artemis.core.server] AMQ221001: Apache ActiveMQ Artemis Message Broker version 2.15.0 [0.0.0.0, nodeID=d1eb39e3-f146-11ea-91a3-9cfce83b36e3] 
2020-09-07 16:35:58,180 INFO  [org.apache.activemq.hawtio.branding.PluginContextListener] Initialized activemq-branding plugin
2020-09-07 16:35:58,321 INFO  [org.apache.activemq.hawtio.plugin.PluginContextListener] Initialized artemis-plugin plugin
2020-09-07 16:36:00,016 INFO  [io.hawt.HawtioContextListener] Initialising hawtio services
2020-09-07 16:36:00,032 INFO  [io.hawt.system.ConfigManager] Configuration will be discovered via system properties
2020-09-07 16:36:00,032 INFO  [io.hawt.jmx.JmxTreeWatcher] Welcome to hawtio 1.5.12 : http://hawt.io/ : Don't cha wish your console was hawt like me? ;-)
2020-09-07 16:36:00,032 INFO  [io.hawt.jmx.UploadManager] Using file upload directory: C:\Intellij\activemqproject\blockers\myblocker44\tmp\uploads
2020-09-07 16:36:00,054 INFO  [io.hawt.web.AuthenticationFilter] Starting hawtio authentication filter, JAAS realm: "activemq" authorized role(s): "amq" role principal classes: "org.apache.activemq.artemis.spi.core.security.jaas.RolePrincipal"
2020-09-07 16:36:00,085 INFO  [io.hawt.web.JolokiaConfiguredAgentServlet] Jolokia overridden property: [key=policyLocation, value=file:/C:/Intellij/activemqproject/blockers/myblocker44/etc//jolokia-access.xml]
2020-09-07 16:36:00,201 INFO  [io.hawt.web.RBACMBeanInvoker] Using MBean [hawtio:type=security,area=jmx,rank=0,name=HawtioDummyJMXSecurity] for role based access control
2020-09-07 16:36:00,455 INFO  [io.hawt.system.ProxyWhitelist] Initial proxy whitelist: [localhost, 127.0.0.1, 192.168.0.22, LT-5CG0245TKV.corp.nexient.com]
2020-09-07 16:36:00,975 INFO  [org.apache.activemq.artemis] AMQ241001: HTTP Server started at http://localhost:8161
2020-09-07 16:36:00,975 INFO  [org.apache.activemq.artemis] AMQ241002: Artemis Jolokia REST API available at http://localhost:8161/console/jolokia
2020-09-07 16:36:00,975 INFO  [org.apache.activemq.artemis] AMQ241004: Artemis Console available at http://localhost:8161/console
